#
# There is insufficient memory for the Java Runtime Environment to continue.
# Native memory allocation (malloc) failed to allocate 2233936 bytes for Chunk::new
# Possible reasons:
#   The system is out of physical RAM or swap space
#   In 32 bit mode, the process size limit was hit
# Possible solutions:
#   Reduce memory load on the system
#   Increase physical memory or swap space
#   Check if swap backing store is full
#   Use 64 bit Java on a 64 bit OS
#   Decrease Java heap size (-Xmx/-Xms)
#   Decrease number of Java threads
#   Decrease Java thread stack sizes (-Xss)
#   Set larger code cache with -XX:ReservedCodeCacheSize=
# This output file may be truncated or incomplete.
#
#  Out of Memory Error (allocation.cpp:390), pid=15860, tid=0x000000000000428c
#
# JRE version: Java(TM) SE Runtime Environment (8.0_144-b01) (build 1.8.0_144-b01)
# Java VM: Java HotSpot(TM) 64-Bit Server VM (25.144-b01 mixed mode windows-amd64 compressed oops)
# Failed to write core dump. Minidumps are not enabled by default on client versions of Windows
#

---------------  T H R E A D  ---------------

Current thread (0x0000000017ddd800):  JavaThread "C2 CompilerThread1" daemon [_thread_in_native, id=17036, stack(0x0000000019540000,0x0000000019640000)]

Stack: [0x0000000019540000,0x0000000019640000]
[error occurred during error reporting (printing stack bounds), id 0xc0000005]

Native frames: (J=compiled Java code, j=interpreted, Vv=VM code, C=native code)


Current CompileTask:
C2:  17365 7040       4       java.io.WinNTFileSystem::normalize (143 bytes)


---------------  P R O C E S S  ---------------

Java Threads: ( => current thread )
  0x000000001b7fd800 JavaThread "Memory manager" [_thread_blocked, id=10624, stack(0x00000000239e0000,0x0000000023ae0000)]
  0x000000001b6bd800 JavaThread "pool-1-thread-1" [_thread_blocked, id=17528, stack(0x00000000236e0000,0x00000000237e0000)]
  0x000000001b6bd000 JavaThread "build operations Thread 4" [_thread_blocked, id=16996, stack(0x0000000022fe0000,0x00000000230e0000)]
  0x000000001b6bc000 JavaThread "build operations Thread 3" [_thread_in_native, id=19964, stack(0x0000000022bf0000,0x0000000022cf0000)]
  0x000000001b6bb800 JavaThread "build operations Thread 2" [_thread_blocked, id=20456, stack(0x0000000022af0000,0x0000000022bf0000)]
  0x000000001b6ba800 JavaThread "build operations" [_thread_blocked, id=1648, stack(0x0000000022790000,0x0000000022890000)]
  0x000000001b6bf000 JavaThread "Cache worker for Artifact transforms cache (C:\Users\kolot\.gradle\caches\transforms-1)" [_thread_blocked, id=7144, stack(0x000000001eb60000,0x000000001ec60000)]
  0x000000001b6ba000 JavaThread "Cache worker for file hash cache (E:\after_vacation\MoxySimpleExample\.gradle\4.1\fileHashes)" [_thread_blocked, id=8148, stack(0x000000001da90000,0x000000001db90000)]
  0x000000001b6b8800 JavaThread "File lock request listener" [_thread_in_native, id=10868, stack(0x000000001d790000,0x000000001d890000)]
  0x000000001b6b9000 JavaThread "Cache worker for file hash cache (C:\Users\kolot\.gradle\caches\4.1\fileHashes)" [_thread_blocked, id=15936, stack(0x000000001d690000,0x000000001d790000)]
  0x0000000019f55000 JavaThread "Stdin handler" [_thread_blocked, id=10904, stack(0x000000001d590000,0x000000001d690000)]
  0x000000001b478000 JavaThread "Asynchronous log dispatcher for DefaultDaemonConnection: socket connection from /127.0.0.1:50935 to /127.0.0.1:50936" [_thread_blocked, id=13220, stack(0x000000001d490000,0x000000001d590000)]
  0x000000001ad5e800 JavaThread "Daemon worker" [_thread_blocked, id=8296, stack(0x000000001d390000,0x000000001d490000)]
  0x000000001b470800 JavaThread "Cancel handler" [_thread_blocked, id=7260, stack(0x000000001d290000,0x000000001d390000)]
  0x000000001ad0c000 JavaThread "Handler for socket connection from /127.0.0.1:50935 to /127.0.0.1:50936" [_thread_in_native, id=18208, stack(0x000000001cf90000,0x000000001d090000)]
  0x000000001ad0b800 JavaThread "Daemon" [_thread_blocked, id=10140, stack(0x000000001ce90000,0x000000001cf90000)]
  0x000000001b2d6000 JavaThread "Daemon periodic checks" [_thread_blocked, id=18596, stack(0x000000001cd90000,0x000000001ce90000)]
  0x000000001aa44000 JavaThread "Incoming local TCP Connector on port 50935" [_thread_in_native, id=16728, stack(0x000000001cb50000,0x000000001cc50000)]
  0x000000001ae75000 JavaThread "Daemon health stats" [_thread_blocked, id=10520, stack(0x000000001b510000,0x000000001b610000)]
  0x0000000019768800 JavaThread "Service Thread" daemon [_thread_blocked, id=12812, stack(0x0000000019b40000,0x0000000019c40000)]
  0x0000000017dea800 JavaThread "C1 CompilerThread2" daemon [_thread_blocked, id=14812, stack(0x0000000019640000,0x0000000019740000)]
=>0x0000000017ddd800 JavaThread "C2 CompilerThread1" daemon [_thread_in_native, id=17036, stack(0x0000000019540000,0x0000000019640000)]
  0x0000000017ddb000 JavaThread "C2 CompilerThread0" daemon [_thread_blocked, id=9984, stack(0x0000000019440000,0x0000000019540000)]
  0x0000000017dd9000 JavaThread "Attach Listener" daemon [_thread_blocked, id=10152, stack(0x0000000019340000,0x0000000019440000)]
  0x0000000017de8000 JavaThread "Signal Dispatcher" daemon [_thread_blocked, id=7692, stack(0x0000000019240000,0x0000000019340000)]
  0x000000000440a800 JavaThread "Finalizer" daemon [_thread_blocked, id=15116, stack(0x0000000019040000,0x0000000019140000)]
  0x0000000017da9000 JavaThread "Reference Handler" daemon [_thread_blocked, id=13516, stack(0x0000000018f40000,0x0000000019040000)]
  0x000000000446d800 JavaThread "main" [_thread_blocked, id=18780, stack(0x00000000041b0000,0x00000000042b0000)]

Other Threads:
  0x0000000017da7000 VMThread [stack: 0x0000000018e40000,0x0000000018f40000] [id=13612]
  0x000000001978d000 WatcherThread [stack: 0x0000000019c40000,0x0000000019d40000] [id=12736]

VM state:not at safepoint (normal execution)

VM Mutex/Monitor currently owned by a thread: None

Heap:
 PSYoungGen      total 182784K, used 78713K [0x00000000e0000000, 0x00000000ee500000, 0x0000000100000000)
  eden space 165888K, 47% used [0x00000000e0000000,0x00000000e4cde718,0x00000000ea200000)
  from space 16896K, 0% used [0x00000000eb700000,0x00000000eb700000,0x00000000ec780000)
  to   space 21504K, 0% used [0x00000000ea200000,0x00000000ea200000,0x00000000eb700000)
 ParOldGen       total 146944K, used 37610K [0x00000000a0000000, 0x00000000a8f80000, 0x00000000e0000000)
  object space 146944K, 25% used [0x00000000a0000000,0x00000000a24ba970,0x00000000a8f80000)
 Metaspace       used 57797K, capacity 59894K, committed 60184K, reserved 1101824K
  class space    used 8060K, capacity 8628K, committed 8752K, reserved 1048576K

Card table byte_map: [0x0000000013830000,0x0000000013b40000] byte_map_base: 0x0000000013330000

Marking Bits: (ParMarkBitMap*) 0x0000000057c6d850
 Begin Bits: [0x0000000014140000, 0x0000000015940000)
 End Bits:   [0x0000000015940000, 0x0000000017140000)

Polling page: 0x00000000042b0000

CodeCache: size=245760Kb used=23509Kb max_used=23509Kb free=222251Kb
 bounds [0x0000000004470000, 0x0000000005b80000, 0x0000000013470000]
 total_blobs=7287 nmethods=6504 adapters=694
 compilation: enabled

Compilation events (10 events):
Event: 17.323 Thread 0x0000000017dea800 7124       1       org.gradle.internal.logging.events.ProgressStartEvent::getShortDescription (5 bytes)
Event: 17.323 Thread 0x0000000017dea800 nmethod 7124 0x0000000005b6a690 code [0x0000000005b6a7e0, 0x0000000005b6a8f0]
Event: 17.323 Thread 0x0000000017dea800 7125       1       org.gradle.internal.logging.events.ProgressStartEvent::getParentBuildOperationId (5 bytes)
Event: 17.323 Thread 0x0000000017dea800 nmethod 7125 0x0000000005b76190 code [0x0000000005b762e0, 0x0000000005b763f0]
Event: 17.323 Thread 0x0000000017dea800 7126       1       org.gradle.internal.logging.events.ProgressStartEvent::getBuildOperationCategory (5 bytes)
Event: 17.323 Thread 0x0000000017dea800 nmethod 7126 0x0000000005b76450 code [0x0000000005b765a0, 0x0000000005b766b0]
Event: 17.323 Thread 0x0000000017dea800 7127       1       org.gradle.internal.logging.events.ProgressStartEvent::getDescription (5 bytes)
Event: 17.323 Thread 0x0000000017dea800 nmethod 7127 0x0000000005b76710 code [0x0000000005b76860, 0x0000000005b76970]
Event: 17.323 Thread 0x0000000017dea800 7128       1       org.gradle.internal.logging.events.ProgressStartEvent::getStatus (5 bytes)
Event: 17.323 Thread 0x0000000017dea800 nmethod 7128 0x0000000005b769d0 code [0x0000000005b76b20, 0x0000000005b76c30]

GC Heap History (10 events):
Event: 7.513 GC heap before
{Heap before GC invocations=9 (full 2):
 PSYoungGen      total 111104K, used 10885K [0x00000000e0000000, 0x00000000ea700000, 0x0000000100000000)
  eden space 99840K, 0% used [0x00000000e0000000,0x00000000e0000000,0x00000000e6180000)
  from space 11264K, 96% used [0x00000000e6180000,0x00000000e6c215c8,0x00000000e6c80000)
  to   space 12800K, 0% used [0x00000000e9a80000,0x00000000e9a80000,0x00000000ea700000)
 ParOldGen       total 63488K, used 10643K [0x00000000a0000000, 0x00000000a3e00000, 0x00000000e0000000)
  object space 63488K, 16% used [0x00000000a0000000,0x00000000a0a64e58,0x00000000a3e00000)
 Metaspace       used 34679K, capacity 35256K, committed 35496K, reserved 1079296K
  class space    used 4780K, capacity 5011K, committed 5040K, reserved 1048576K
Event: 7.578 GC heap after
Heap after GC invocations=9 (full 2):
 PSYoungGen      total 111104K, used 0K [0x00000000e0000000, 0x00000000ea700000, 0x0000000100000000)
  eden space 99840K, 0% used [0x00000000e0000000,0x00000000e0000000,0x00000000e6180000)
  from space 11264K, 0% used [0x00000000e6180000,0x00000000e6180000,0x00000000e6c80000)
  to   space 12800K, 0% used [0x00000000e9a80000,0x00000000e9a80000,0x00000000ea700000)
 ParOldGen       total 98816K, used 17036K [0x00000000a0000000, 0x00000000a6080000, 0x00000000e0000000)
  object space 98816K, 17% used [0x00000000a0000000,0x00000000a10a3300,0x00000000a6080000)
 Metaspace       used 34679K, capacity 35256K, committed 35496K, reserved 1079296K
  class space    used 4780K, capacity 5011K, committed 5040K, reserved 1048576K
}
Event: 10.425 GC heap before
{Heap before GC invocations=10 (full 2):
 PSYoungGen      total 111104K, used 99840K [0x00000000e0000000, 0x00000000ea700000, 0x0000000100000000)
  eden space 99840K, 100% used [0x00000000e0000000,0x00000000e6180000,0x00000000e6180000)
  from space 11264K, 0% used [0x00000000e6180000,0x00000000e6180000,0x00000000e6c80000)
  to   space 12800K, 0% used [0x00000000e9a80000,0x00000000e9a80000,0x00000000ea700000)
 ParOldGen       total 98816K, used 17036K [0x00000000a0000000, 0x00000000a6080000, 0x00000000e0000000)
  object space 98816K, 17% used [0x00000000a0000000,0x00000000a10a3300,0x00000000a6080000)
 Metaspace       used 44182K, capacity 45022K, committed 45224K, reserved 1087488K
  class space    used 5967K, capacity 6300K, committed 6320K, reserved 1048576K
Event: 10.437 GC heap after
Heap after GC invocations=10 (full 2):
 PSYoungGen      total 151040K, used 10913K [0x00000000e0000000, 0x00000000ea580000, 0x0000000100000000)
  eden space 139776K, 0% used [0x00000000e0000000,0x00000000e0000000,0x00000000e8880000)
  from space 11264K, 96% used [0x00000000e9a80000,0x00000000ea528440,0x00000000ea580000)
  to   space 13312K, 0% used [0x00000000e8b80000,0x00000000e8b80000,0x00000000e9880000)
 ParOldGen       total 98816K, used 17044K [0x00000000a0000000, 0x00000000a6080000, 0x00000000e0000000)
  object space 98816K, 17% used [0x00000000a0000000,0x00000000a10a5300,0x00000000a6080000)
 Metaspace       used 44182K, capacity 45022K, committed 45224K, reserved 1087488K
  class space    used 5967K, capacity 6300K, committed 6320K, reserved 1048576K
}
Event: 14.888 GC heap before
{Heap before GC invocations=11 (full 2):
 PSYoungGen      total 151040K, used 150689K [0x00000000e0000000, 0x00000000ea580000, 0x0000000100000000)
  eden space 139776K, 100% used [0x00000000e0000000,0x00000000e8880000,0x00000000e8880000)
  from space 11264K, 96% used [0x00000000e9a80000,0x00000000ea528440,0x00000000ea580000)
  to   space 13312K, 0% used [0x00000000e8b80000,0x00000000e8b80000,0x00000000e9880000)
 ParOldGen       total 98816K, used 17044K [0x00000000a0000000, 0x00000000a6080000, 0x00000000e0000000)
  object space 98816K, 17% used [0x00000000a0000000,0x00000000a10a5300,0x00000000a6080000)
 Metaspace       used 54153K, capacity 55862K, committed 56104K, reserved 1097728K
  class space    used 7429K, capacity 7913K, committed 7984K, reserved 1048576K
Event: 14.903 GC heap after
Heap after GC invocations=11 (full 2):
 PSYoungGen      total 156160K, used 13296K [0x00000000e0000000, 0x00000000ec780000, 0x0000000100000000)
  eden space 142848K, 0% used [0x00000000e0000000,0x00000000e0000000,0x00000000e8b80000)
  from space 13312K, 99% used [0x00000000e8b80000,0x00000000e987c010,0x00000000e9880000)
  to   space 16896K, 0% used [0x00000000eb700000,0x00000000eb700000,0x00000000ec780000)
 ParOldGen       total 98816K, used 22256K [0x00000000a0000000, 0x00000000a6080000, 0x00000000e0000000)
  object space 98816K, 22% used [0x00000000a0000000,0x00000000a15bc398,0x00000000a6080000)
 Metaspace       used 54153K, capacity 55862K, committed 56104K, reserved 1097728K
  class space    used 7429K, capacity 7913K, committed 7984K, reserved 1048576K
}
Event: 16.002 GC heap before
{Heap before GC invocations=12 (full 2):
 PSYoungGen      total 156160K, used 101888K [0x00000000e0000000, 0x00000000ec780000, 0x0000000100000000)
  eden space 142848K, 62% used [0x00000000e0000000,0x00000000e56841b0,0x00000000e8b80000)
  from space 13312K, 99% used [0x00000000e8b80000,0x00000000e987c010,0x00000000e9880000)
  to   space 16896K, 0% used [0x00000000eb700000,0x00000000eb700000,0x00000000ec780000)
 ParOldGen       total 98816K, used 22256K [0x00000000a0000000, 0x00000000a6080000, 0x00000000e0000000)
  object space 98816K, 22% used [0x00000000a0000000,0x00000000a15bc398,0x00000000a6080000)
 Metaspace       used 56987K, capacity 59084K, committed 59160K, reserved 1099776K
  class space    used 7927K, capacity 8450K, committed 8496K, reserved 1048576K
Event: 16.052 GC heap after
Heap after GC invocations=12 (full 2):
 PSYoungGen      total 182784K, used 16877K [0x00000000e0000000, 0x00000000ee500000, 0x0000000100000000)
  eden space 165888K, 0% used [0x00000000e0000000,0x00000000e0000000,0x00000000ea200000)
  from space 16896K, 99% used [0x00000000eb700000,0x00000000ec77b4f0,0x00000000ec780000)
  to   space 21504K, 0% used [0x00000000ea200000,0x00000000ea200000,0x00000000eb700000)
 ParOldGen       total 98816K, used 28696K [0x00000000a0000000, 0x00000000a6080000, 0x00000000e0000000)
  object space 98816K, 29% used [0x00000000a0000000,0x00000000a1c06278,0x00000000a6080000)
 Metaspace       used 56987K, capacity 59084K, committed 59160K, reserved 1099776K
  class space    used 7927K, capacity 8450K, committed 8496K, reserved 1048576K
}
Event: 16.052 GC heap before
{Heap before GC invocations=13 (full 3):
 PSYoungGen      total 182784K, used 16877K [0x00000000e0000000, 0x00000000ee500000, 0x0000000100000000)
  eden space 165888K, 0% used [0x00000000e0000000,0x00000000e0000000,0x00000000ea200000)
  from space 16896K, 99% used [0x00000000eb700000,0x00000000ec77b4f0,0x00000000ec780000)
  to   space 21504K, 0% used [0x00000000ea200000,0x00000000ea200000,0x00000000eb700000)
 ParOldGen       total 98816K, used 28696K [0x00000000a0000000, 0x00000000a6080000, 0x00000000e0000000)
  object space 98816K, 29% used [0x00000000a0000000,0x00000000a1c06278,0x00000000a6080000)
 Metaspace       used 56987K, capacity 59084K, committed 59160K, reserved 1099776K
  class space    used 7927K, capacity 8450K, committed 8496K, reserved 1048576K
Event: 16.307 GC heap after
Heap after GC invocations=13 (full 3):
 PSYoungGen      total 182784K, used 0K [0x00000000e0000000, 0x00000000ee500000, 0x0000000100000000)
  eden space 165888K, 0% used [0x00000000e0000000,0x00000000e0000000,0x00000000ea200000)
  from space 16896K, 0% used [0x00000000eb700000,0x00000000eb700000,0x00000000ec780000)
  to   space 21504K, 0% used [0x00000000ea200000,0x00000000ea200000,0x00000000eb700000)
 ParOldGen       total 146944K, used 37610K [0x00000000a0000000, 0x00000000a8f80000, 0x00000000e0000000)
  object space 146944K, 25% used [0x00000000a0000000,0x00000000a24ba970,0x00000000a8f80000)
 Metaspace       used 56964K, capacity 58996K, committed 59160K, reserved 1099776K
  class space    used 7920K, capacity 8442K, committed 8496K, reserved 1048576K
}

Deoptimization events (10 events):
Event: 15.429 Thread 0x000000001ad5e800 Uncommon trap: reason=class_check action=maybe_recompile pc=0x0000000004e3ca20 method=org.codehaus.groovy.runtime.metaclass.MetaMethodIndex.addMethodToList(Ljava/lang/Object;Lgroovy/lang/MetaMethod;)Ljava/lang/Object; @ 230
Event: 15.947 Thread 0x000000001ad5e800 Uncommon trap: reason=class_check action=maybe_recompile pc=0x0000000004e3ca20 method=org.codehaus.groovy.runtime.metaclass.MetaMethodIndex.addMethodToList(Ljava/lang/Object;Lgroovy/lang/MetaMethod;)Ljava/lang/Object; @ 230
Event: 16.714 Thread 0x000000001ad5e800 Uncommon trap: reason=unstable_if action=reinterpret pc=0x0000000004659ca8 method=java.lang.reflect.Proxy.isProxyClass(Ljava/lang/Class;)Z @ 6
Event: 16.776 Thread 0x000000001ad5e800 Uncommon trap: reason=class_check action=maybe_recompile pc=0x0000000005873530 method=com.google.common.collect.AbstractMapBasedMultimap.put(Ljava/lang/Object;Ljava/lang/Object;)Z @ 10
Event: 16.776 Thread 0x000000001ad5e800 Uncommon trap: reason=class_check action=maybe_recompile pc=0x0000000005873530 method=com.google.common.collect.AbstractMapBasedMultimap.put(Ljava/lang/Object;Ljava/lang/Object;)Z @ 10
Event: 17.202 Thread 0x000000001ad5e800 Uncommon trap: reason=class_check action=maybe_recompile pc=0x000000000477eb80 method=com.google.common.collect.AbstractMapBasedMultimap$WrappedCollection.refreshIfEmpty()V @ 59
Event: 17.202 Thread 0x000000001ad5e800 Uncommon trap: reason=class_check action=maybe_recompile pc=0x000000000587a620 method=com.google.common.collect.AbstractMapBasedMultimap$WrappedCollection.refreshIfEmpty()V @ 59
Event: 17.202 Thread 0x000000001ad5e800 Uncommon trap: reason=class_check action=maybe_recompile pc=0x000000000477eb80 method=com.google.common.collect.AbstractMapBasedMultimap$WrappedCollection.refreshIfEmpty()V @ 59
Event: 17.202 Thread 0x000000001ad5e800 Uncommon trap: reason=class_check action=maybe_recompile pc=0x000000000587a620 method=com.google.common.collect.AbstractMapBasedMultimap$WrappedCollection.refreshIfEmpty()V @ 59
Event: 17.202 Thread 0x000000001ad5e800 Uncommon trap: reason=class_check action=maybe_recompile pc=0x000000000477eb80 method=com.google.common.collect.AbstractMapBasedMultimap$WrappedCollection.refreshIfEmpty()V @ 59

Internal exceptions (10 events):
Event: 16.693 Thread 0x000000001ad5e800 Exception <a 'java/lang/ClassNotFoundException': org/gradle/api/tasks/SourceSetBeanInfo> (0x00000000e3ef7500) thrown at [C:\re\workspace\8-2-build-windows-amd64-cygwin\jdk8u144\9417\hotspot\src\share\vm\classfile\systemDictionary.cpp, line 210]
Event: 16.693 Thread 0x000000001ad5e800 Exception <a 'java/lang/ClassNotFoundException': org/gradle/api/tasks/SourceSetCustomizer> (0x00000000e3f11c20) thrown at [C:\re\workspace\8-2-build-windows-amd64-cygwin\jdk8u144\9417\hotspot\src\share\vm\classfile\systemDictionary.cpp, line 210]
Event: 16.703 Thread 0x000000001ad5e800 Exception <a 'java/lang/ClassNotFoundException': org/jetbrains/plugins/gradle/model/DefaultExternalPluginBeanInfo> (0x00000000e3fbc208) thrown at [C:\re\workspace\8-2-build-windows-amd64-cygwin\jdk8u144\9417\hotspot\src\share\vm\classfile\systemDictionary
Event: 16.703 Thread 0x000000001ad5e800 Exception <a 'java/lang/ClassNotFoundException': org/jetbrains/plugins/gradle/model/DefaultExternalPluginCustomizer> (0x00000000e3fcb4e0) thrown at [C:\re\workspace\8-2-build-windows-amd64-cygwin\jdk8u144\9417\hotspot\src\share\vm\classfile\systemDictiona
Event: 16.706 Thread 0x000000001ad5e800 Exception <a 'java/lang/ClassNotFoundException': org/gradle/api/internal/artifacts/DefaultPublishArtifactSetBeanInfo> (0x00000000e4020130) thrown at [C:\re\workspace\8-2-build-windows-amd64-cygwin\jdk8u144\9417\hotspot\src\share\vm\classfile\systemDiction
Event: 16.706 Thread 0x000000001ad5e800 Exception <a 'java/lang/ClassNotFoundException': org/gradle/api/internal/artifacts/DefaultPublishArtifactSetCustomizer> (0x00000000e4045c20) thrown at [C:\re\workspace\8-2-build-windows-amd64-cygwin\jdk8u144\9417\hotspot\src\share\vm\classfile\systemDicti
Event: 16.707 Thread 0x000000001ad5e800 Exception <a 'java/lang/ClassNotFoundException': org/gradle/api/internal/file/DefaultFileCollectionFactory$1BeanInfo> (0x00000000e407f068) thrown at [C:\re\workspace\8-2-build-windows-amd64-cygwin\jdk8u144\9417\hotspot\src\share\vm\classfile\systemDiction
Event: 16.708 Thread 0x000000001ad5e800 Exception <a 'java/lang/ClassNotFoundException': org/gradle/api/internal/file/collections/FileCollectionAdapterBeanInfo> (0x00000000e4093f30) thrown at [C:\re\workspace\8-2-build-windows-amd64-cygwin\jdk8u144\9417\hotspot\src\share\vm\classfile\systemDict
Event: 16.708 Thread 0x000000001ad5e800 Exception <a 'java/lang/ClassNotFoundException': org/gradle/api/internal/file/collections/FileCollectionAdapterCustomizer> (0x00000000e40a9570) thrown at [C:\re\workspace\8-2-build-windows-amd64-cygwin\jdk8u144\9417\hotspot\src\share\vm\classfile\systemDi
Event: 16.708 Thread 0x000000001ad5e800 Exception <a 'java/lang/ClassNotFoundException': org/gradle/api/internal/file/DefaultFileCollectionFactory$1Customizer> (0x00000000e40c7428) thrown at [C:\re\workspace\8-2-build-windows-amd64-cygwin\jdk8u144\9417\hotspot\src\share\vm\classfile\systemDicti

Events (10 events):
Event: 17.316 loading class java/nio/file/FileVisitResult
Event: 17.316 loading class java/nio/file/FileVisitResult done
Event: 17.316 loading class org/gradle/api/internal/artifacts/transform/DefaultArtifactTransforms$ConsumerProvidedResolvedVariant$TransformingAsyncArtifactListener
Event: 17.316 loading class org/gradle/api/internal/artifacts/transform/DefaultArtifactTransforms$ConsumerProvidedResolvedVariant$TransformingAsyncArtifactListener done
Event: 17.317 loading class org/gradle/api/internal/artifacts/transform/DefaultArtifactTransforms$ConsumerProvidedResolvedVariant$TransformingResult
Event: 17.317 loading class org/gradle/api/internal/artifacts/transform/DefaultArtifactTransforms$ConsumerProvidedResolvedVariant$TransformingResult done
Event: 17.317 loading class org/gradle/internal/resource/cached/ivy/ArtifactAtRepositoryKey
Event: 17.317 loading class org/gradle/internal/resource/cached/ivy/ArtifactAtRepositoryKey done
Event: 17.318 loading class org/gradle/internal/resource/cached/ivy/AbstractCachedIndex$1
Event: 17.318 loading class org/gradle/internal/resource/cached/ivy/AbstractCachedIndex$1 done


Dynamic libraries:
0x00007ff7f1bf0000 - 0x00007ff7f1c27000 	C:\Program Files\Java\jdk1.8.0_144\bin\java.exe
0x00007ffc970a0000 - 0x00007ffc97280000 	C:\WINDOWS\SYSTEM32\ntdll.dll
0x00007ffc94c70000 - 0x00007ffc94d1e000 	C:\WINDOWS\System32\KERNEL32.DLL
0x00007ffc938f0000 - 0x00007ffc93b56000 	C:\WINDOWS\System32\KERNELBASE.dll
0x00007ffc96ab0000 - 0x00007ffc96b51000 	C:\WINDOWS\System32\ADVAPI32.dll
0x00007ffc94b90000 - 0x00007ffc94c2d000 	C:\WINDOWS\System32\msvcrt.dll
0x00007ffc969b0000 - 0x00007ffc96a0b000 	C:\WINDOWS\System32\sechost.dll
0x00007ffc94e50000 - 0x00007ffc94f6f000 	C:\WINDOWS\System32\RPCRT4.dll
0x00007ffc96820000 - 0x00007ffc969ae000 	C:\WINDOWS\System32\USER32.dll
0x00007ffc94550000 - 0x00007ffc94570000 	C:\WINDOWS\System32\win32u.dll
0x00007ffc94b60000 - 0x00007ffc94b88000 	C:\WINDOWS\System32\GDI32.dll
0x00007ffc93c60000 - 0x00007ffc93df1000 	C:\WINDOWS\System32\gdi32full.dll
0x00007ffc93850000 - 0x00007ffc938eb000 	C:\WINDOWS\System32\msvcp_win.dll
0x00007ffc93b60000 - 0x00007ffc93c56000 	C:\WINDOWS\System32\ucrtbase.dll
0x00007ffc843d0000 - 0x00007ffc84639000 	C:\WINDOWS\WinSxS\amd64_microsoft.windows.common-controls_6595b64144ccf1df_6.0.16299.15_none_cc92fb402215d91d\COMCTL32.dll
0x00007ffc94570000 - 0x00007ffc94878000 	C:\WINDOWS\System32\combase.dll
0x00007ffc937d0000 - 0x00007ffc93842000 	C:\WINDOWS\System32\bcryptPrimitives.dll
0x00007ffc94c40000 - 0x00007ffc94c6d000 	C:\WINDOWS\System32\IMM32.DLL
0x0000000057e40000 - 0x0000000057f12000 	C:\Program Files\Java\jdk1.8.0_144\jre\bin\msvcr100.dll
0x0000000057450000 - 0x0000000057ced000 	C:\Program Files\Java\jdk1.8.0_144\jre\bin\server\jvm.dll
0x00007ffc96670000 - 0x00007ffc96678000 	C:\WINDOWS\System32\PSAPI.DLL
0x00007ffc87530000 - 0x00007ffc87553000 	C:\WINDOWS\SYSTEM32\WINMM.dll
0x00007ffc920e0000 - 0x00007ffc920e9000 	C:\WINDOWS\SYSTEM32\WSOCK32.dll
0x00007ffc8bd90000 - 0x00007ffc8bd9a000 	C:\WINDOWS\SYSTEM32\VERSION.dll
0x00007ffc94d80000 - 0x00007ffc94dec000 	C:\WINDOWS\System32\WS2_32.dll
0x00007ffc86610000 - 0x00007ffc8663a000 	C:\WINDOWS\SYSTEM32\winmmbase.dll
0x00007ffc935b0000 - 0x00007ffc935fa000 	C:\WINDOWS\System32\cfgmgr32.dll
0x0000000059360000 - 0x000000005936f000 	C:\Program Files\Java\jdk1.8.0_144\jre\bin\verify.dll
0x0000000059330000 - 0x0000000059359000 	C:\Program Files\Java\jdk1.8.0_144\jre\bin\java.dll
0x0000000059310000 - 0x0000000059326000 	C:\Program Files\Java\jdk1.8.0_144\jre\bin\zip.dll
0x00007ffc95230000 - 0x00007ffc96667000 	C:\WINDOWS\System32\SHELL32.dll
0x00007ffc96fb0000 - 0x00007ffc97056000 	C:\WINDOWS\System32\shcore.dll
0x00007ffc93e00000 - 0x00007ffc94547000 	C:\WINDOWS\System32\windows.storage.dll
0x00007ffc94df0000 - 0x00007ffc94e41000 	C:\WINDOWS\System32\shlwapi.dll
0x00007ffc93460000 - 0x00007ffc93471000 	C:\WINDOWS\System32\kernel.appcore.dll
0x00007ffc93410000 - 0x00007ffc9345c000 	C:\WINDOWS\System32\powrprof.dll
0x00007ffc93480000 - 0x00007ffc9349b000 	C:\WINDOWS\System32\profapi.dll
0x00000000592f0000 - 0x000000005930a000 	C:\Program Files\Java\jdk1.8.0_144\jre\bin\net.dll
0x00007ffc92c20000 - 0x00007ffc92c86000 	C:\WINDOWS\system32\mswsock.dll
0x00000000592d0000 - 0x00000000592e1000 	C:\Program Files\Java\jdk1.8.0_144\jre\bin\nio.dll
0x00007ffc8afc0000 - 0x00007ffc8afde000 	C:\Users\kolot\.gradle\native\25\windows-amd64\native-platform.dll
0x0000000059270000 - 0x000000005927d000 	C:\Program Files\Java\jdk1.8.0_144\jre\bin\management.dll
0x00007ffc92de0000 - 0x00007ffc92df7000 	C:\WINDOWS\SYSTEM32\CRYPTSP.dll
0x00007ffc92830000 - 0x00007ffc92863000 	C:\WINDOWS\system32\rsaenh.dll
0x00007ffc92ef0000 - 0x00007ffc92f15000 	C:\WINDOWS\SYSTEM32\bcrypt.dll
0x00007ffc93320000 - 0x00007ffc93349000 	C:\WINDOWS\SYSTEM32\USERENV.dll
0x00007ffc92e00000 - 0x00007ffc92e0b000 	C:\WINDOWS\SYSTEM32\CRYPTBASE.dll
0x00007ffc929b0000 - 0x00007ffc929e9000 	C:\WINDOWS\SYSTEM32\IPHLPAPI.DLL
0x00007ffc97060000 - 0x00007ffc97068000 	C:\WINDOWS\System32\NSI.dll
0x00007ffc89330000 - 0x00007ffc89346000 	C:\WINDOWS\SYSTEM32\dhcpcsvc6.DLL
0x00007ffc895a0000 - 0x00007ffc895ba000 	C:\WINDOWS\SYSTEM32\dhcpcsvc.DLL

VM Arguments:
jvm_args: -Xmx1536m -Dfile.encoding=windows-1251 -Duser.country=RU -Duser.language=ru -Duser.variant 
java_command: org.gradle.launcher.daemon.bootstrap.GradleDaemon 4.1
java_class_path (initial): C:\Users\kolot\.gradle\wrapper\dists\gradle-4.1-all\bzyivzo6n839fup2jbap0tjew\gradle-4.1\lib\gradle-launcher-4.1.jar
Launcher Type: SUN_STANDARD

Environment Variables:
JAVA_HOME=C:\Program Files\Java\jdk1.7.0_80
PATH=C:\ProgramData\Oracle\Java\javapath;C:\Program Files (x86)\Intel\iCLS Client\;C:\Program Files\Intel\iCLS Client\;C:\WINDOWS\system32;C:\WINDOWS;C:\WINDOWS\System32\Wbem;C:\WINDOWS\System32\WindowsPowerShell\v1.0\;C:\Program Files (x86)\Intel\Intel(R) Management Engine Components\DAL;C:\Program Files\Intel\Intel(R) Management Engine Components\DAL;C:\Program Files (x86)\Intel\Intel(R) Management Engine Components\IPT;C:\Program Files\Intel\Intel(R) Management Engine Components\IPT;C:\Program Files\Intel\WiFi\bin\;C:\Program Files\Common Files\Intel\WirelessCommon\;C:\Program Files (x86)\VisualSVN\bin;C:\Program Files\TortoiseSVN\bin;C:\Program Files\Git\cmd;C:\Program Files (x86)\Microsoft SQL Server\90\Tools\binn\;C:\Program Files\Microsoft SQL Server\130\Tools\Binn\;C:\Program Files\MATLAB\R2011a\bin;C:\Program Files (x86)\GtkSharp\2.12\bin;C:\Program Files (x86)\Skype\Phone\;C:\Users\kolot\AppData\Local\Microsoft\WindowsApps;C:\Users\kolot\AppData\Local\GitHubDesktop\bin;%USERPROFILE%\AppData\Local\Microsoft\WindowsApps;
USERNAME=kolot
OS=Windows_NT
PROCESSOR_IDENTIFIER=Intel64 Family 6 Model 94 Stepping 3, GenuineIntel



---------------  S Y S T E M  ---------------

OS: Windows 10.0 , 64 bit Build 16299 (10.0.16299.15)

CPU:total 4 (initial active 4) (4 cores per cpu, 1 threads per core) family 6 model 94 stepping 3, cmov, cx8, fxsr, mmx, sse, sse2, sse3, ssse3, sse4.1, sse4.2, popcnt, avx, avx2, aes, clmul, erms, rtm, 3dnowpref, lzcnt, tsc, tscinvbit, bmi1, bmi2, adx

Memory: 4k page, physical 8279152k(2125772k free), swap 10862204k(108772k free)

vm_info: Java HotSpot(TM) 64-Bit Server VM (25.144-b01) for windows-amd64 JRE (1.8.0_144-b01), built on Jul 21 2017 21:57:33 by "java_re" with MS VC++ 10.0 (VS2010)

time: Sun Feb 04 21:29:53 2018
elapsed time: 17 seconds (0d 0h 0m 17s)

